<?xml version="1.0" encoding="UTF-8" ?>
<testsuite tests="1" failures="1" name="edu.poly.vn.lab6.TestThread_B3Test" time="0.014" errors="0" skipped="0">
  <properties>
[...]
</properties>
  <testcase classname="edu.poly.vn.lab6.TestThread_B3Test" name="edu.poly.vn.lab6.TestThread_B3Test.testSomeMethod" time="0.014">
    <failure message="The test case is a prototype." type="org.opentest4j.AssertionFailedError">org.opentest4j.AssertionFailedError: The test case is a prototype.
	at org.junit.jupiter.api.AssertionUtils.fail(AssertionUtils.java:39)
	at org.junit.jupiter.api.Assertions.fail(Assertions.java:109)
	at edu.poly.vn.lab6.TestThread_B3Test.testSomeMethod(TestThread_B3Test.java:42)
</failure>
  </testcase>
</testsuite>